loaded_dataset shape (14479, 80)
   Querylength  domain_token_count  ...  Entropy_Afterpath  URL_Type_obf_Type
0            0                   2  ...          -1.000000             benign
1            0                   3  ...          -1.000000             benign
2            2                   2  ...           0.898227             benign
3            0                   2  ...          -1.000000             benign
4           19                   2  ...           0.823008             benign

[5 rows x 80 columns]
benign    7781
spam      6698
Name: URL_Type_obf_Type, dtype: int64
Dataset shape BEFORE preparation (14479, 80)
Dataset shape AFTER preparation (14479, 73)
Scaling dataset
Performing PCA
Dataset shape with PCA (14479, 1)
Logistic Regression
{'fit_time': array([2.0704639 , 2.66087914, 2.32477784, 2.25498128, 2.47138786,
       2.24299645]), 'score_time': array([0.01196861, 0.00698113, 0.00997353, 0.01195383, 0.00901175,
       0.01097417]), 'test_roc_auc': array([0.99952856, 1.        , 0.9996822 , 0.9994853 , 0.99973056,
       0.99971929]), 'train_roc_auc': array([0.99982892, 0.99978982, 0.99981229, 0.99985898, 0.99980776,
       0.99981536]), 'test_f1': array([0.99287622, 0.99865892, 0.99731903, 0.9968736 , 0.9950827 ,
       0.99686801]), 'train_f1': array([0.9969594 , 0.99642538, 0.99660411, 0.996692  , 0.99705015,
       0.99660411]), 'test_precision': array([0.98759965, 0.99732143, 0.99465241, 0.9937667 , 0.99286351,
       0.99553172]), 'train_precision': array([0.99517943, 0.99393831, 0.99429387, 0.9948242 , 0.99500446,
       0.99429387]), 'test_recall': array([0.99820949, 1.        , 1.        , 1.        , 0.99731183,
       0.99820789]), 'train_recall': array([0.99874574, 0.99892492, 0.99892512, 0.99856682, 0.99910426,
       0.99892512]), 'roc_curve': [array([0.        , 0.        , 0.        , ..., 0.87212441, 0.87238144,
       1.        ]), array([0.        , 0.02284264, 0.02553001, ..., 1.        , 1.        ,
       1.        ]), array([2.00000000e+00, 1.00000000e+00, 1.00000000e+00, ...,
       5.32998849e-11, 5.32851836e-11, 3.57022099e-25])], 'label': 'Logistic Regression'}
Logistic Regression PCA
{'fit_time': array([0.01994729, 0.01994896, 0.02193975, 0.02293873, 0.02393484,
       0.01994634]), 'score_time': array([0.0079782 , 0.00997353, 0.01097059, 0.00997448, 0.00797677,
       0.00697851]), 'test_roc_auc': array([0.65353488, 0.6521951 , 0.63512711, 0.64213045, 0.64346659,
       0.68595472]), 'train_roc_auc': array([0.65173538, 0.65191016, 0.65538557, 0.65407081, 0.65368144,
       0.64523122]), 'test_f1': array([0.64770932, 0.63915344, 0.62440064, 0.63034188, 0.62238886,
       0.65491453]), 'train_f1': array([0.63541445, 0.63699139, 0.639966  , 0.63846971, 0.63989802,
       0.63009304]), 'test_precision': array([0.78644501, 0.78137128, 0.77003942, 0.78042328, 0.77363515,
       0.81084656]), 'train_precision': array([0.78370565, 0.78235908, 0.7862177 , 0.78474399, 0.78601253,
       0.78163969]), 'test_recall': array([0.55058192, 0.54073411, 0.52508961, 0.52867384, 0.52060932,
       0.54928315]), 'train_recall': array([0.53431285, 0.53717972, 0.53959154, 0.53815837, 0.53959154,
       0.52776783]), 'roc_curve': [array([0., 0., 0., ..., 1., 1., 1.]), array([0.        , 0.00104509, 0.00164228, ..., 0.99671544, 0.99716333,
       1.        ]), array([2.        , 1.        , 1.        , ..., 0.24237627, 0.24232243,
       0.21824897])], 'label': 'Logistic Regression PCA'}
Naive Bayes
{'fit_time': array([0.0757966 , 0.09773874, 0.10371971, 0.10970497, 0.14959931,
       0.14161921]), 'score_time': array([0.06083703, 0.06682086, 0.0698154 , 0.07679558, 0.08278131,
       0.07579923]), 'test_roc_auc': array([0.96755028, 0.97601724, 0.96569144, 0.96353592, 0.96892505,
       0.97676128]), 'train_roc_auc': array([0.9698614 , 0.96897258, 0.97035588, 0.97057769, 0.96985001,
       0.96971183]), 'test_f1': array([0.8766328 , 0.86918177, 0.85981308, 0.85630211, 0.86343612,
       0.87487781]), 'train_f1': array([0.86660137, 0.8666471 , 0.86715614, 0.87050781, 0.86717527,
       0.86647755]), 'test_precision': array([0.95368421, 0.95995671, 0.95310796, 0.94582882, 0.95145631,
       0.96236559]), 'train_precision': array([0.95571398, 0.95452586, 0.95596806, 0.95684843, 0.9549763 ,
       0.95432019]), 'test_recall': array([0.81110116, 0.79409132, 0.78315412, 0.78225806, 0.79032258,
       0.80197133]), 'train_recall': array([0.79268948, 0.79358538, 0.79344321, 0.79845933, 0.7941598 ,
       0.79344321]), 'roc_curve': [array([0.        , 0.01863514, 0.01876366, ..., 0.97699524, 0.98097931,
       1.        ]), array([0.        , 0.72663482, 0.72902359, ..., 1.        , 1.        ,
       1.        ]), array([2.00000000e+000, 1.00000000e+000, 1.00000000e+000, ...,
       6.15826094e-224, 2.69413997e-320, 0.00000000e+000])], 'label': 'Naive Bayes'}
Naive Bayes Scales
{'fit_time': array([0.07679415, 0.09275174, 0.09674144, 0.11469364, 0.14860225,
       0.14162397]), 'score_time': array([0.05784702, 0.05385661, 0.07180929, 0.08277965, 0.08876181,
       0.0877645 ]), 'test_roc_auc': array([0.96755235, 0.97630887, 0.96568211, 0.96351934, 0.96893368,
       0.97672187]), 'train_roc_auc': array([0.96991717, 0.96897359, 0.97036248, 0.97057364, 0.96986052,
       0.96968875]), 'test_f1': array([0.8766328 , 0.86918177, 0.85981308, 0.85630211, 0.86343612,
       0.87487781]), 'train_f1': array([0.86660137, 0.8666471 , 0.86715614, 0.87050781, 0.86728606,
       0.86647755]), 'test_precision': array([0.95368421, 0.95995671, 0.95310796, 0.94582882, 0.95145631,
       0.96236559]), 'train_precision': array([0.95571398, 0.95452586, 0.95596806, 0.95684843, 0.954986  ,
       0.95432019]), 'test_recall': array([0.81110116, 0.79409132, 0.78315412, 0.78225806, 0.79032258,
       0.80197133]), 'train_recall': array([0.79268948, 0.79358538, 0.79344321, 0.79845933, 0.79433895,
       0.79344321]), 'roc_curve': [array([0.        , 0.01850662, 0.01850662, ..., 0.97686673, 0.98097931,
       1.        ]), array([0.        , 0.72514183, 0.7282771 , ..., 1.        , 1.        ,
       1.        ]), array([2.00000000e+000, 1.00000000e+000, 1.00000000e+000, ...,
       6.37827091e-224, 1.25245641e-320, 0.00000000e+000])], 'label': 'Naive Bayes Scaled'}
Naive Bayes DR
{'fit_time': array([0.00199318, 0.00199485, 0.00299335, 0.00199533, 0.00199437,
       0.00199389]), 'score_time': array([0.00897479, 0.00997186, 0.00997305, 0.00997043, 0.00997162,
       0.009974  ]), 'test_roc_auc': array([0.83336313, 0.82759677, 0.82053015, 0.81593621, 0.82782745,
       0.83289637]), 'train_roc_auc': array([0.82508412, 0.82643051, 0.82772654, 0.82845813, 0.82608349,
       0.82487636]), 'test_f1': array([0.39226519, 0.41435342, 0.37916667, 0.40546075, 0.39248434,
       0.39638387]), 'train_f1': array([0.39889883, 0.40005507, 0.39994495, 0.40208877, 0.39343358,
       0.39053418]), 'test_precision': array([0.85800604, 0.85      , 0.84259259, 0.85100287, 0.87850467,
       0.88509317]), 'train_precision': array([0.86045131, 0.86333928, 0.8628266 , 0.86312684, 0.85542891,
       0.85827251]), 'test_recall': array([0.25425246, 0.27394808, 0.24462366, 0.26612903, 0.25268817,
       0.25537634]), 'train_recall': array([0.25963089, 0.26034761, 0.26030097, 0.26209244, 0.25546399,
       0.25277678]), 'roc_curve': [array([0.00000000e+00, 3.85554556e-04, 3.85554556e-04, ...,
       9.97172600e-01, 9.97172600e-01, 1.00000000e+00]), array([0.        , 0.09808898, 0.09838758, ..., 0.9997014 , 1.        ,
       1.        ]), array([2.        , 1.        , 1.        , ..., 0.05858458, 0.05858456,
       0.05858392])], 'label': 'Naive Bayes PCA'}
SVC Classifier
{'fit_time': array([1.62465358, 2.02561307, 1.10105538, 1.94977856, 1.88894486,
       1.64260292]), 'score_time': array([0.01097226, 0.0059514 , 0.01296663, 0.0079813 , 0.01001406,
       0.009974  ]), 'test_roc_auc': array([0.99939396, 1.        , 0.99936924, 0.9993264 , 0.99959377,
       0.99967366]), 'train_roc_auc': array([0.99972402, 0.99982729, 0.99985846, 0.9997993 , 0.99970851,
       0.99983447]), 'test_f1': array([0.99199288, 0.99910555, 0.99687081, 0.9968736 , 0.99463807,
       0.99731423]), 'train_f1': array([0.99633634, 0.99678112, 0.99749508, 0.99642666, 0.99616106,
       0.9966035 ]), 'test_precision': array([0.98585323, 0.99821269, 0.99464764, 0.9937667 , 0.99197861,
       0.99642218]), 'train_precision': array([0.99376114, 0.9948242 , 0.99624732, 0.99376336, 0.9928813 ,
       0.99447021]), 'test_recall': array([0.99820949, 1.        , 0.99910394, 1.        , 0.99731183,
       0.99820789]), 'train_recall': array([0.99892492, 0.99874574, 0.99874597, 0.99910426, 0.99946256,
       0.99874597]), 'roc_curve': [array([0.        , 0.        , 0.        , ..., 0.85516001, 0.85541704,
       1.        ]), array([0.00000000e+00, 1.49298298e-04, 3.43386085e-03, ...,
       1.00000000e+00, 1.00000000e+00, 1.00000000e+00]), array([ 10.14083648,   9.14083648,   6.58072598, ...,  -5.88758658,
        -5.88764682, -14.51030837])], 'label': 'SVC Normal'}
SVC Classifier PCA
{'fit_time': array([0.0149591 , 0.014961  , 0.01495957, 0.01495886, 0.01695132,
       0.01396227]), 'score_time': array([0.00897646, 0.00897527, 0.0079782 , 0.00797749, 0.00797534,
       0.00797772]), 'test_roc_auc': array([0.65353488, 0.6521951 , 0.63512711, 0.64213045, 0.64346659,
       0.68595472]), 'train_roc_auc': array([0.65173538, 0.65191016, 0.65538557, 0.65407081, 0.65368144,
       0.64523122]), 'test_f1': array([0.6440678 , 0.63863757, 0.62319615, 0.62620838, 0.62150538,
       0.65345474]), 'train_f1': array([0.63217652, 0.63594667, 0.63793471, 0.63665458, 0.63757602,
       0.62939469]), 'test_precision': array([0.78858625, 0.78740157, 0.77218543, 0.78150134, 0.77688172,
       0.81225033]), 'train_precision': array([0.78588549, 0.78571429, 0.78850211, 0.78691983, 0.78818254,
       0.78703953]), 'test_recall': array([0.54431513, 0.53715309, 0.52240143, 0.52240143, 0.51792115,
       0.54659498]), 'train_recall': array([0.52875829, 0.53413367, 0.5356503 , 0.53457542, 0.53529201,
       0.52436403]), 'roc_curve': [array([0., 0., 0., ..., 1., 1., 1.]), array([0.00000000e+00, 1.49298298e-04, 9.43565243e-02, ...,
       9.96715437e-01, 9.97163332e-01, 1.00000000e+00]), array([18.07000229, 17.07000229,  1.83095817, ..., -0.52630451,
       -0.52643831, -0.58844443])], 'label': 'SVC Normal PCA'}
SVC Classifier Scaled
{'fit_time': array([0.44680691, 0.4537878 , 0.52061009, 0.46575332, 0.46675038,
       0.47572374]), 'score_time': array([0.01097059, 0.01196647, 0.00797629, 0.009974  , 0.00997329,
       0.00798011]), 'test_roc_auc': array([0.99978188, 0.99999034, 0.99995509, 0.99987633, 0.99998135,
       0.99993847]), 'train_roc_auc': array([0.99996626, 0.99995614, 0.99995538, 0.9999609 , 0.99995361,
       0.99995503]), 'test_f1': array([0.99331253, 0.99776286, 0.99731903, 0.99597315, 0.99730942,
       0.99597315]), 'train_f1': array([0.99776326, 0.99758389, 0.99767317, 0.997674  , 0.99758346,
       0.99785254]), 'test_precision': array([0.98934281, 0.99731664, 0.99465241, 0.99463807, 0.99820467,
       0.99463807]), 'train_precision': array([0.99642602, 0.99642474, 0.99678112, 0.99642602, 0.99678054,
       0.99678227]), 'test_recall': array([0.99731423, 0.99820949, 1.        , 0.99731183, 0.99641577,
       0.99731183]), 'train_recall': array([0.9991041 , 0.99874574, 0.99856682, 0.99892512, 0.99838767,
       0.99892512]), 'roc_curve': [array([0.        , 0.        , 0.        , ..., 0.96787045, 0.96812749,
       1.        ]), array([0.00000000e+00, 1.49298298e-04, 2.56793073e-02, ...,
       1.00000000e+00, 1.00000000e+00, 1.00000000e+00]), array([ 29.07248789,  28.07248789,  15.70180926, ..., -12.36458043,
       -12.36765238, -14.40992823])], 'label': 'SVC Scaled'}
Decision Tree
{'fit_time': array([0.34208727, 0.34008837, 0.30917645, 0.32413507, 0.36302352,
       0.29321408]), 'score_time': array([0.00997376, 0.01196885, 0.01196599, 0.01096845, 0.0059824 ,
       0.00997281]), 'test_roc_auc': array([0.99717722, 0.99845798, 0.99628036, 0.99532178, 0.99711389,
       0.99473566]), 'train_roc_auc': array([1., 1., 1., 1., 1., 1.]), 'test_f1': array([0.99687081, 0.99821269, 0.99596955, 0.99506505, 0.9968652 ,
       0.99418865]), 'train_f1': array([1., 1., 1., 1., 1., 1.]), 'test_precision': array([0.99553571, 0.99643176, 0.99552372, 0.99640611, 0.99641898,
       0.99197145]), 'train_precision': array([1., 1., 1., 1., 1., 1.]), 'test_recall': array([0.99820949, 1.        , 0.99641577, 0.9937276 , 0.99731183,
       0.99641577]), 'train_recall': array([1., 1., 1., 1., 1., 1.]), 'roc_curve': [array([0.00000000e+00, 6.42590927e-04, 1.00000000e+00]), array([0.       , 0.9997014, 1.       ]), array([2., 1., 0.])], 'label': 'Decision Tree'}
Decision Tree PCA
{'fit_time': array([0.03291106, 0.03091502, 0.03091717, 0.02991629, 0.02991915,
       0.02792263]), 'score_time': array([0.01196957, 0.0109787 , 0.0089767 , 0.00997186, 0.00797892,
       0.00698066]), 'test_roc_auc': array([0.85621526, 0.84569515, 0.842306  , 0.84448362, 0.83435617,
       0.85663082]), 'train_roc_auc': array([0.99999999, 1.        , 1.        , 0.99999999, 0.99999999,
       0.99999999]), 'test_f1': array([0.84683099, 0.83610868, 0.83193648, 0.83436123, 0.82347749,
       0.84646195]), 'train_f1': array([0.9999104 , 1.        , 1.        , 0.99991042, 0.99991042,
       0.99991042]), 'test_precision': array([0.83290043, 0.81888412, 0.81928758, 0.82062392, 0.81130435,
       0.84084881]), 'train_precision': array([1., 1., 1., 1., 1., 1.]), 'test_recall': array([0.86123545, 0.85407341, 0.84498208, 0.84856631, 0.83602151,
       0.85215054]), 'train_recall': array([0.99982082, 1.        , 1.        , 0.99982085, 0.99982085,
       0.99982085]), 'roc_curve': [array([0.        , 0.02480401, 0.02493253, 1.        ]), array([0.        , 0.97670947, 0.97685876, 1.        ]), array([2. , 1. , 0.5, 0. ])], 'label': 'Decision Tree PCA'}
Random Forest
{'fit_time': array([0.64228129, 0.87366605, 1.54785705, 1.53589106, 1.96673679,
       1.86102509]), 'score_time': array([0.69115233, 0.73403454, 0.40292025, 0.40691113, 0.13564157,
       0.14660573]), 'test_roc_auc': array([0.99997722, 1.        , 0.99998791, 0.99997893, 0.99999275,
       0.99999274]), 'train_roc_auc': array([1., 1., 1., 1., 1., 1.]), 'test_f1': array([0.99642218, 0.99865892, 0.99776286, 0.99776286, 0.99776286,
       0.99910474]), 'train_f1': array([1., 1., 1., 1., 1., 1.]), 'test_precision': array([0.99553172, 0.99732143, 0.99642538, 0.99642538, 0.99642538,
       0.99821109]), 'train_precision': array([1., 1., 1., 1., 1., 1.]), 'test_recall': array([0.99731423, 1.        , 0.99910394, 0.99910394, 0.99910394,
       1.        ]), 'train_recall': array([1., 1., 1., 1., 1., 1.]), 'roc_curve': [array([0.00000000e+00, 0.00000000e+00, 0.00000000e+00, 0.00000000e+00,
       0.00000000e+00, 0.00000000e+00, 0.00000000e+00, 0.00000000e+00,
       0.00000000e+00, 0.00000000e+00, 0.00000000e+00, 0.00000000e+00,
       0.00000000e+00, 0.00000000e+00, 0.00000000e+00, 0.00000000e+00,
       0.00000000e+00, 0.00000000e+00, 0.00000000e+00, 0.00000000e+00,
       0.00000000e+00, 0.00000000e+00, 1.28518185e-04, 1.28518185e-04,
       2.57036371e-04, 2.57036371e-04, 5.14072741e-04, 6.42590927e-04,
       6.42590927e-04, 1.02814548e-03, 1.02814548e-03, 1.79925459e-03,
       2.31332734e-03, 2.57036371e-03, 2.69888189e-03, 3.21295463e-03,
       3.46999100e-03, 3.59850919e-03, 4.36961830e-03, 4.88369104e-03,
       5.26924560e-03, 5.78331834e-03, 6.42590927e-03, 7.32553656e-03,
       7.71109112e-03, 8.35368205e-03, 9.12479116e-03, 9.76738208e-03,
       1.10525639e-02, 1.32373731e-02, 1.52936641e-02, 2.03058733e-02,
       2.71173371e-02, 4.94795013e-02, 1.00000000e+00]), array([0.        , 0.92863541, 0.96192893, 0.9735742 , 0.98059122,
       0.98312929, 0.98477157, 0.98775754, 0.98954912, 0.9910421 ,
       0.99208719, 0.99283368, 0.99402807, 0.99447596, 0.99477456,
       0.99596895, 0.99611824, 0.99641684, 0.99731263, 0.99761123,
       0.99790982, 0.99820842, 0.99835772, 0.99925351, 0.99925351,
       0.99940281, 0.99955211, 0.99955211, 0.9997014 , 0.9997014 ,
       0.9998507 , 0.9998507 , 0.9998507 , 0.9998507 , 0.9998507 ,
       1.        , 1.        , 1.        , 1.        , 1.        ,
       1.        , 1.        , 1.        , 1.        , 1.        ,
       1.        , 1.        , 1.        , 1.        , 1.        ,
       1.        , 1.        , 1.        , 1.        , 1.        ]), array([2.  , 1.  , 0.99, 0.98, 0.97, 0.96, 0.95, 0.94, 0.93, 0.92, 0.91,
       0.9 , 0.89, 0.88, 0.87, 0.86, 0.85, 0.84, 0.82, 0.81, 0.79, 0.78,
       0.76, 0.67, 0.64, 0.63, 0.53, 0.51, 0.5 , 0.44, 0.41, 0.25, 0.23,
       0.22, 0.21, 0.2 , 0.19, 0.18, 0.16, 0.15, 0.14, 0.13, 0.12, 0.11,
       0.1 , 0.09, 0.08, 0.07, 0.06, 0.05, 0.04, 0.03, 0.02, 0.01, 0.  ])], 'label': 'Random Forest'}
Random Forest PCA
{'fit_time': array([0.93549514, 0.76495171, 1.70344067, 1.72139311, 1.77724457,
       1.77624774]), 'score_time': array([0.88662839, 0.99932671, 0.2184155 , 0.22340393, 0.21741819,
       0.22340107]), 'test_roc_auc': array([0.91739183, 0.91109778, 0.91124403, 0.90830853, 0.90064956,
       0.91511032]), 'train_roc_auc': array([0.99999282, 0.99999867, 0.99999968, 0.99999907, 0.99999836,
       0.99999822]), 'test_f1': array([0.84581498, 0.83545415, 0.83171806, 0.83436123, 0.82347749,
       0.84646195]), 'train_f1': array([0.99937259, 0.99955193, 0.9997313 , 0.99982082, 0.9997313 ,
       0.99982085]), 'test_precision': array([0.83261058, 0.81927711, 0.81802426, 0.82062392, 0.81130435,
       0.84084881]), 'train_precision': array([0.99982066, 0.99982072, 0.99964177, 1.        , 0.99964177,
       0.99982085]), 'test_recall': array([0.85944494, 0.8522829 , 0.84587814, 0.84856631, 0.83602151,
       0.85215054]), 'train_recall': array([0.99892492, 0.99928328, 0.99982085, 0.99964171, 0.99982085,
       0.99982085]), 'roc_curve': [array([0.        , 0.00411258, 0.00552628, 0.00642591, 0.00719702,
       0.00745405, 0.00835368, 0.00951035, 0.00976738, 0.00976738,
       0.0098959 , 0.01002442, 0.01040997, 0.01092405, 0.0113096 ,
       0.01143812, 0.01169515, 0.01169515, 0.01208071, 0.01246626,
       0.01246626, 0.0127233 , 0.0127233 , 0.01298034, 0.01336589,
       0.01362293, 0.01375145, 0.014137  , 0.01426552, 0.01503663,
       0.01632181, 0.01760699, 0.01812106, 0.01863514, 0.01992032,
       0.02056291, 0.02107698, 0.02210513, 0.02223365, 0.02300476,
       0.02326179, 0.02377586, 0.0240329 , 0.02416142, 0.02441846,
       0.02467549, 0.02480401, 0.02480401, 0.02480401, 0.02493253,
       0.02518956, 0.02531808, 0.02531808, 0.0254466 , 0.02634623,
       0.02788845, 0.02955918, 0.0311014 , 0.03367176, 0.03649916,
       0.04125434, 0.04652358, 0.05025061, 0.0551343 , 0.05526282,
       0.06091762, 0.06837167, 0.0763398 , 0.0819946 , 0.08867755,
       0.08880607, 0.09458938, 0.10217196, 0.10898342, 0.11605192,
       0.12055006, 0.12826115, 0.12838967, 0.13622928, 0.14265519,
       0.14920961, 0.15512145, 0.16026218, 0.16334661, 0.16707364,
       0.1724714 , 0.1773551 , 0.18249582, 0.19097802, 0.19907467,
       0.19920319, 0.20935612, 0.21989462, 0.22863385, 0.23904382,
       0.25061046, 0.26628968, 0.27759928, 0.2904511 , 0.30844364,
       0.3272073 , 0.35046909, 0.38439789, 0.44210256, 1.        ]), array([0.        , 0.64422216, 0.68841445, 0.7106599 , 0.72379815,
       0.73514482, 0.74798447, 0.76097342, 0.76903553, 0.77769483,
       0.78665273, 0.79635712, 0.80456853, 0.81412362, 0.82218573,
       0.82681397, 0.83278591, 0.83562257, 0.83920573, 0.84129591,
       0.84547626, 0.84816363, 0.85219468, 0.85532995, 0.85891311,
       0.86324276, 0.8680203 , 0.87249925, 0.87638101, 0.88309943,
       0.88951926, 0.89698417, 0.9038519 , 0.91042102, 0.91549716,
       0.92311138, 0.92833682, 0.93774261, 0.93789191, 0.94371454,
       0.95177665, 0.95730069, 0.96237683, 0.96551209, 0.96954315,
       0.97133473, 0.9738728 , 0.97461929, 0.97506718, 0.97566438,
       0.97581368, 0.97611227, 0.97656017, 0.97670947, 0.97670947,
       0.97700806, 0.97700806, 0.97715736, 0.97715736, 0.97745596,
       0.97760526, 0.97775455, 0.97790385, 0.97805315, 0.97820245,
       0.97850105, 0.97865034, 0.97894894, 0.97894894, 0.97924754,
       0.97939683, 0.97984473, 0.98014333, 0.98044192, 0.98044192,
       0.98103912, 0.98103912, 0.98103912, 0.98118841, 0.98163631,
       0.9822335 , 0.9825321 , 0.98297999, 0.98312929, 0.98327859,
       0.98342789, 0.98342789, 0.98357719, 0.98387578, 0.98417438,
       0.98417438, 0.98447298, 0.98477157, 0.98521947, 0.98566736,
       0.98581666, 0.98626456, 0.98701105, 0.98730964, 0.98820543,
       0.98880263, 0.98954912, 0.99059421, 0.99268438, 1.        ]), array([2.        , 1.        , 0.99      , 0.98      , 0.97      ,
       0.96      , 0.95      , 0.94      , 0.93      , 0.92      ,
       0.91      , 0.9       , 0.89      , 0.88      , 0.87      ,
       0.86      , 0.85      , 0.84      , 0.83      , 0.82      ,
       0.81      , 0.8       , 0.79      , 0.78      , 0.77      ,
       0.76      , 0.75      , 0.74      , 0.73      , 0.72      ,
       0.71      , 0.7       , 0.69      , 0.68      , 0.67      ,
       0.66      , 0.65      , 0.64      , 0.6305    , 0.63      ,
       0.62      , 0.61      , 0.6       , 0.59      , 0.58      ,
       0.57      , 0.56      , 0.55      , 0.54      , 0.52      ,
       0.5       , 0.49      , 0.48      , 0.47      , 0.46      ,
       0.45      , 0.44      , 0.43      , 0.42      , 0.41      ,
       0.4       , 0.39      , 0.38      , 0.37      , 0.36966667,
       0.36      , 0.35      , 0.34      , 0.33      , 0.32      ,
       0.31133333, 0.31      , 0.3       , 0.29      , 0.28      ,
       0.27      , 0.26      , 0.2525    , 0.25      , 0.24      ,
       0.23      , 0.22      , 0.21      , 0.2       , 0.19      ,
       0.18      , 0.17      , 0.16      , 0.15      , 0.14      ,
       0.13333333, 0.13      , 0.12      , 0.11      , 0.1       ,
       0.09      , 0.08      , 0.07      , 0.06      , 0.05      ,
       0.04      , 0.03      , 0.02      , 0.01      , 0.        ])], 'label': 'Random Forest PCA'}
